<?xml version="1.0" encoding="UTF-8"?>
<testsuite xmlns:xsi="http://www.w3.org/2001/XMLSchema-instance" xsi:noNamespaceSchemaLocation="https://maven.apache.org/surefire/maven-surefire-plugin/xsd/surefire-test-report.xsd" version="3.0.2" name="webserver.HttpRequestParserTest" time="0.02" tests="4" errors="0" skipped="0" failures="0">
  <properties>
[...]
</properties>
  <testcase name="testStartLine" classname="webserver.HttpRequestParserTest" time="0.001"/>
  <testcase name="testStartLinePost" classname="webserver.HttpRequestParserTest" time="0.001"/>
  <testcase name="testStartLinePostWithHeader" classname="webserver.HttpRequestParserTest" time="0.001"/>
  <testcase name="testStartLinePostWithBody" classname="webserver.HttpRequestParserTest" time="0.012"/>
</testsuite>